Symbol range map extraction starting
Processing 93 files
processing Main.java
processing me\client\Dark.java
processing me\client\autosave\SaveLoad.java
processing me\client\clickgui\ClickGui.java
processing me\client\clickgui\component\Component.java
processing me\client\clickgui\component\Frame.java
processing me\client\clickgui\component\components\Button.java
processing me\client\clickgui\component\components\sub\Checkbox.java
processing me\client\clickgui\component\components\sub\Keybind.java
processing me\client\clickgui\component\components\sub\ModeButton.java
processing me\client\clickgui\component\components\sub\Slider.java
processing me\client\clickgui\component\components\sub\VisibleButton.java
processing me\client\module\Category.java
processing me\client\module\Module.java
processing me\client\module\ModuleManager.java
processing me\client\module\combat\AimAssist.java
processing me\client\module\combat\AntiBot.java
processing me\client\module\combat\AutoClicker.java
processing me\client\module\combat\AutoPot.java
processing me\client\module\combat\Backtrack.java
processing me\client\module\combat\BlockHit.java
processing me\client\module\combat\ButtonExperimento.java
processing me\client\module\combat\FishPVP.java
processing me\client\module\combat\FullModeExp.java
processing me\client\module\combat\HitBoxes.java
processing me\client\module\combat\HitSelect.java
processing me\client\module\combat\JumpReset.java
processing me\client\module\combat\JumpResetv2.java
processing me\client\module\combat\Reach.java
processing me\client\module\combat\STap.java
processing me\client\module\combat\ShifTap.java
processing me\client\module\combat\Velocity.java
processing me\client\module\combat\Wtap.java
processing me\client\module\combat\backtrackv2\PacketDelayModule.java
processing me\client\module\combat\backtrackv2\PingChanger.java
processing me\client\module\combat\backtrackv2\PingChangerMod.java
processing me\client\module\combat\backtrackv2\asm\ASMTransformerClass.java
processing me\client\module\combat\backtrackv2\asm\FMLLoadingPlugin.java
processing me\client\module\combat\backtrackv2\asm\Transformer.java
processing me\client\module\combat\backtrackv2\asm\TransformerNetworkManager.java
processing me\client\module\combat\backtrackv2\utils\DelayedPacket.java
processing me\client\module\misc\AntiAfk.java
processing me\client\module\misc\Blink.java
processing me\client\module\misc\Delay17.java
processing me\client\module\misc\FastDisconnect.java
processing me\client\module\misc\MouseDelayFix.java
processing me\client\module\misc\SelfDestruct.java
processing me\client\module\misc\Timer.java
processing me\client\module\movement\BlinkMod.java
processing me\client\module\movement\FakeLag.java
processing me\client\module\movement\KeepSprint.java
processing me\client\module\movement\NoJumpDelay.java
processing me\client\module\movement\Parkour.java
processing me\client\module\movement\Sprint.java
processing me\client\module\player\AutoTool.java
processing me\client\module\player\AutoWeapon.java
processing me\client\module\player\FastBridge.java
processing me\client\module\player\FastPlace.java
processing me\client\module\player\FreeCam.java
processing me\client\module\player\InvMove.java
processing me\client\module\player\RAutoClicker.java
processing me\client\module\render\ClickGUI.java
processing me\client\module\render\ESP.java
processing me\client\module\render\Fullbright.java
processing me\client\module\render\HUD.java
processing me\client\module\render\NameTags.java
processing me\client\module\util\CancellableEvent.java
processing me\client\module\util\ClientUtil.java
processing me\client\module\util\Event.java
processing me\client\module\util\EventDirection.java
processing me\client\module\util\IEventDirection.java
processing me\client\module\util\MathUtil.java
processing me\client\module\util\MouseUtil.java
processing me\client\module\util\PacketEvent.java
processing me\client\module\util\Render2DEvent.java
processing me\client\module\util\Utils.java
processing me\client\module\util\Wrapper.java
processing me\client\module\util\utilities\Box.java
processing me\client\module\util\utilities\ClientUtil.java
processing me\client\module\util\utilities\DrawUtil.java
processing me\client\module\util\utilities\MathUtil.java
processing me\client\module\util\utilities\MouseUtil.java
processing me\client\module\util\utilities\OGLRender.java
processing me\client\module\util\utilities\ReflectionUtil.java
processing me\client\module\util\utilities\RenderUtil.java
processing me\client\module\util\utilities\StringRegistry.java
processing me\client\module\util\utilities\TextUtil.java
processing me\client\module\util\utilities\TimerUtil.java
processing me\client\module\values\BooleanValue.java
processing me\client\module\values\NumberValue.java
processing me\client\module\values\UpdateEvent.java
processing me\client\settings\Setting.java
processing me\client\settings\SettingsManager.java
